Vivado Simulator 2018.2
Copyright 1986-1999, 2001-2018 Xilinx, Inc. All Rights Reserved.
Running: D:/xilinx/Vivado/2018.2/bin/unwrapped/win64.o/xelab.exe -wto 6ebee017320c41ac89e55e395a246618 --incr --debug typical --relax --mt 2 -L xil_defaultlib -L unisims_ver -L unimacro_ver -L secureip --snapshot Computer_tp_behav xil_defaultlib.Computer_tp xil_defaultlib.glbl -log elaborate.log 
Using 2 slave threads.
Starting static elaboration
WARNING: [VRFC 10-278] actual bit length 3 differs from formal bit length 4 for port AR [C:/Users/Ahmed Atef/OneDrive/Desktop/Kasas/VERILOG/8_bit_computer/8_bit_computer.srcs/sources_1/new/Computer.v:224]
WARNING: [VRFC 10-278] actual bit length 3 differs from formal bit length 4 for port PC [C:/Users/Ahmed Atef/OneDrive/Desktop/Kasas/VERILOG/8_bit_computer/8_bit_computer.srcs/sources_1/new/Computer.v:225]
WARNING: [VRFC 10-278] actual bit length 8 differs from formal bit length 3 for port comm_bus [C:/Users/Ahmed Atef/OneDrive/Desktop/Kasas/VERILOG/8_bit_computer/8_bit_computer.srcs/sources_1/new/Computer.v:259]
WARNING: [VRFC 10-278] actual bit length 8 differs from formal bit length 3 for port comm_bus [C:/Users/Ahmed Atef/OneDrive/Desktop/Kasas/VERILOG/8_bit_computer/8_bit_computer.srcs/sources_1/new/Computer.v:285]
Completed static elaboration
Starting simulation data flow analysis
Completed simulation data flow analysis
Time Resolution for simulation is 1ps
Compiling module xil_defaultlib.Secounce_Counter
Compiling module xil_defaultlib.Accumulator
Compiling module xil_defaultlib.DR
Compiling module xil_defaultlib.ALU
Compiling module xil_defaultlib.Instruction_Register
Compiling module xil_defaultlib.CommonBus
Compiling module xil_defaultlib.RAM
Compiling module xil_defaultlib.PC
Compiling module xil_defaultlib.TR
Compiling module xil_defaultlib.AR
Compiling module xil_defaultlib.Interrupt
Compiling module xil_defaultlib.OUTPR
Compiling module xil_defaultlib.INPR
Compiling module xil_defaultlib.Computer
Compiling module xil_defaultlib.Computer_tp
Compiling module xil_defaultlib.glbl
Built simulation snapshot Computer_tp_behav
